<?xml version="1.0" encoding="UTF-8" standalone="yes"?><!DOCTYPE report PUBLIC "-//JACOCO//DTD Report 1.1//EN"
        "report.dtd">
<report name="EPortfolioJUnit">
    <sessioninfo id="andreas-pc-4c9f467e" start="1606207896262" dump="1606207897936"/>
    <package name="">
        <class name="TemplateCSVReader" sourcefilename="TemplateCSVReader.java">
            <method name="&lt;init&gt;" desc="()V" line="5">
                <counter type="INSTRUCTION" missed="0" covered="9"/>
                <counter type="LINE" missed="0" covered="3"/>
                <counter type="COMPLEXITY" missed="0" covered="1"/>
                <counter type="METHOD" missed="0" covered="1"/>
            </method>
            <method name="getCSVHeader" desc="()[Ljava/lang/String;" line="11">
                <counter type="INSTRUCTION" missed="20" covered="0"/>
                <counter type="LINE" missed="5" covered="0"/>
                <counter type="COMPLEXITY" missed="1" covered="0"/>
                <counter type="METHOD" missed="1" covered="0"/>
            </method>
            <method name="getCSVHeader" desc="(Ljava/io/BufferedReader;)[Ljava/lang/String;" line="21">
                <counter type="INSTRUCTION" missed="5" covered="5"/>
                <counter type="LINE" missed="3" covered="1"/>
                <counter type="COMPLEXITY" missed="0" covered="1"/>
                <counter type="METHOD" missed="0" covered="1"/>
            </method>
            <method name="main" desc="([Ljava/lang/String;)V" line="29">
                <counter type="INSTRUCTION" missed="25" covered="0"/>
                <counter type="BRANCH" missed="2" covered="0"/>
                <counter type="LINE" missed="4" covered="0"/>
                <counter type="COMPLEXITY" missed="2" covered="0"/>
                <counter type="METHOD" missed="1" covered="0"/>
            </method>
            <counter type="INSTRUCTION" missed="50" covered="14"/>
            <counter type="BRANCH" missed="2" covered="0"/>
            <counter type="LINE" missed="12" covered="4"/>
            <counter type="COMPLEXITY" missed="3" covered="2"/>
            <counter type="METHOD" missed="2" covered="2"/>
            <counter type="CLASS" missed="0" covered="1"/>
        </class>
        <class name="TemplatePasswordCheck" sourcefilename="TemplatePasswordCheck.java">
            <method name="&lt;init&gt;" desc="()V" line="1">
                <counter type="INSTRUCTION" missed="0" covered="3"/>
                <counter type="LINE" missed="0" covered="1"/>
                <counter type="COMPLEXITY" missed="0" covered="1"/>
                <counter type="METHOD" missed="0" covered="1"/>
            </method>
            <method name="checkLogin" desc="(Ljava/lang/String;Ljava/lang/String;)Z" line="4">
                <counter type="INSTRUCTION" missed="5" covered="31"/>
                <counter type="BRANCH" missed="2" covered="6"/>
                <counter type="LINE" missed="2" covered="9"/>
                <counter type="COMPLEXITY" missed="2" covered="3"/>
                <counter type="METHOD" missed="0" covered="1"/>
            </method>
            <counter type="INSTRUCTION" missed="5" covered="34"/>
            <counter type="BRANCH" missed="2" covered="6"/>
            <counter type="LINE" missed="2" covered="10"/>
            <counter type="COMPLEXITY" missed="2" covered="4"/>
            <counter type="METHOD" missed="0" covered="2"/>
            <counter type="CLASS" missed="0" covered="1"/>
        </class>
        <sourcefile name="TemplateCSVReader.java">
            <line nr="5" mi="0" ci="2" mb="0" cb="0"/>
            <line nr="7" mi="0" ci="3" mb="0" cb="0"/>
            <line nr="8" mi="0" ci="4" mb="0" cb="0"/>
            <line nr="11" mi="8" ci="0" mb="0" cb="0"/>
            <line nr="12" mi="7" ci="0" mb="0" cb="0"/>
            <line nr="13" mi="1" ci="0" mb="0" cb="0"/>
            <line nr="14" mi="2" ci="0" mb="0" cb="0"/>
            <line nr="16" mi="2" ci="0" mb="0" cb="0"/>
            <line nr="21" mi="0" ci="5" mb="0" cb="0"/>
            <line nr="22" mi="1" ci="0" mb="0" cb="0"/>
            <line nr="23" mi="2" ci="0" mb="0" cb="0"/>
            <line nr="25" mi="2" ci="0" mb="0" cb="0"/>
            <line nr="29" mi="4" ci="0" mb="0" cb="0"/>
            <line nr="30" mi="17" ci="0" mb="2" cb="0"/>
            <line nr="31" mi="3" ci="0" mb="0" cb="0"/>
            <line nr="33" mi="1" ci="0" mb="0" cb="0"/>
            <counter type="INSTRUCTION" missed="50" covered="14"/>
            <counter type="BRANCH" missed="2" covered="0"/>
            <counter type="LINE" missed="12" covered="4"/>
            <counter type="COMPLEXITY" missed="3" covered="2"/>
            <counter type="METHOD" missed="2" covered="2"/>
            <counter type="CLASS" missed="0" covered="1"/>
        </sourcefile>
        <sourcefile name="TemplatePasswordCheck.java">
            <line nr="1" mi="0" ci="3" mb="0" cb="0"/>
            <line nr="4" mi="0" ci="8" mb="1" cb="3"/>
            <line nr="5" mi="0" ci="3" mb="0" cb="0"/>
            <line nr="6" mi="0" ci="2" mb="0" cb="0"/>
            <line nr="7" mi="0" ci="4" mb="1" cb="1"/>
            <line nr="8" mi="3" ci="0" mb="0" cb="0"/>
            <line nr="9" mi="2" ci="0" mb="0" cb="0"/>
            <line nr="10" mi="0" ci="4" mb="0" cb="2"/>
            <line nr="11" mi="0" ci="3" mb="0" cb="0"/>
            <line nr="12" mi="0" ci="2" mb="0" cb="0"/>
            <line nr="14" mi="0" ci="3" mb="0" cb="0"/>
            <line nr="15" mi="0" ci="2" mb="0" cb="0"/>
            <counter type="INSTRUCTION" missed="5" covered="34"/>
            <counter type="BRANCH" missed="2" covered="6"/>
            <counter type="LINE" missed="2" covered="10"/>
            <counter type="COMPLEXITY" missed="2" covered="4"/>
            <counter type="METHOD" missed="0" covered="2"/>
            <counter type="CLASS" missed="0" covered="1"/>
        </sourcefile>
        <counter type="INSTRUCTION" missed="55" covered="48"/>
        <counter type="BRANCH" missed="4" covered="6"/>
        <counter type="LINE" missed="14" covered="14"/>
        <counter type="COMPLEXITY" missed="5" covered="6"/>
        <counter type="METHOD" missed="2" covered="4"/>
        <counter type="CLASS" missed="0" covered="2"/>
    </package>
    <counter type="INSTRUCTION" missed="55" covered="48"/>
    <counter type="BRANCH" missed="4" covered="6"/>
    <counter type="LINE" missed="14" covered="14"/>
    <counter type="COMPLEXITY" missed="5" covered="6"/>
    <counter type="METHOD" missed="2" covered="4"/>
    <counter type="CLASS" missed="0" covered="2"/>
</report>